Backend/android_app/AndroidTensorFlowMachineLearningExample-master/app/build/outputs/logs/manifest-merger-debug-report.txt
-- Merging decision tree log ---
manifest
ADDED from src/main/AndroidManifest.xml:18:1-37:12
	package
		ADDED from src/main/AndroidManifest.xml:19:5-45
		INJECTED from src/main/AndroidManifest.xml
		INJECTED from src/main/AndroidManifest.xml
	android:versionName
		INJECTED from src/main/AndroidManifest.xml
		INJECTED from src/main/AndroidManifest.xml
	xmlns:android
		ADDED from src/main/AndroidManifest.xml:18:11-69
	android:versionCode
		INJECTED from src/main/AndroidManifest.xml
		INJECTED from src/main/AndroidManifest.xml
application
ADDED from src/main/AndroidManifest.xml:21:5-35:19
MERGED from [com.flurgle:camerakit:0.9.13] AndroidManifest.xml:25:5-20
MERGED from [com.android.support:appcompat-v7:25.1.1] AndroidManifest.xml:25:5-20
MERGED from [com.android.support:support-v4:25.1.1] AndroidManifest.xml:25:5-20
MERGED from [com.android.support:support-compat:25.1.1] AndroidManifest.xml:25:5-20
MERGED from [com.android.support:support-media-compat:25.1.1] AndroidManifest.xml:25:5-20
MERGED from [com.android.support:support-core-utils:25.1.1] AndroidManifest.xml:25:5-20
MERGED from [com.android.support:support-core-ui:25.1.1] AndroidManifest.xml:25:5-20
MERGED from [com.android.support:support-fragment:25.1.1] AndroidManifest.xml:25:5-20
MERGED from [com.android.support:support-vector-drawable:25.1.1] AndroidManifest.xml:23:5-20
MERGED from [com.android.support:animated-vector-drawable:25.1.1] AndroidManifest.xml:22:5-20
	android:label
		ADDED from src/main/AndroidManifest.xml:24:9-41
	android:supportsRtl
		ADDED from src/main/AndroidManifest.xml:25:9-35
	android:allowBackup
		ADDED from src/main/AndroidManifest.xml:22:9-35
	android:icon
		ADDED from src/main/AndroidManifest.xml:23:9-43
	android:largeHeap
		ADDED from src/main/AndroidManifest.xml:26:9-33
	android:theme
		ADDED from src/main/AndroidManifest.xml:27:9-40
activity#com.mindorks.tensorflowexample.MainActivity
ADDED from src/main/AndroidManifest.xml:28:9-34:20
	android:name
		ADDED from src/main/AndroidManifest.xml:28:19-47
intent-filter#android.intent.action.MAIN+android.intent.category.LAUNCHER
ADDED from src/main/AndroidManifest.xml:29:13-33:29
action#android.intent.action.MAIN
ADDED from src/main/AndroidManifest.xml:30:17-69
	android:name
		ADDED from src/main/AndroidManifest.xml:30:25-66
category#android.intent.category.LAUNCHER
ADDED from src/main/AndroidManifest.xml:32:17-77
	android:name
		ADDED from src/main/AndroidManifest.xml:32:27-74
uses-sdk
INJECTED from src/main/AndroidManifest.xml reason: use-sdk injection requested
MERGED from [com.flurgle:camerakit:0.9.13] AndroidManifest.xml:7:5-9:41
MERGED from [com.android.support:appcompat-v7:25.1.1] AndroidManifest.xml:21:5-23:78
MERGED from [com.android.support:support-v4:25.1.1] AndroidManifest.xml:21:5-23:54
MERGED from [com.android.support:support-compat:25.1.1] AndroidManifest.xml:21:5-23:58
MERGED from [com.android.support:support-media-compat:25.1.1] AndroidManifest.xml:21:5-23:63
MERGED from [com.android.support:support-core-utils:25.1.1] AndroidManifest.xml:21:5-23:61
MERGED from [com.android.support:support-core-ui:25.1.1] AndroidManifest.xml:21:5-23:58
MERGED from [com.android.support:support-fragment:25.1.1] AndroidManifest.xml:21:5-23:60
MERGED from [com.android.support:support-vector-drawable:25.1.1] AndroidManifest.xml:21:5-43
MERGED from [com.android.support:animated-vector-drawable:25.1.1] AndroidManifest.xml:20:5-44
	tools:overrideLibrary
		ADDED from [com.android.support:appcompat-v7:25.1.1] AndroidManifest.xml:23:9-75
	android:targetSdkVersion
		INJECTED from src/main/AndroidManifest.xml
		INJECTED from src/main/AndroidManifest.xml
	android:minSdkVersion
		INJECTED from src/main/AndroidManifest.xml
		INJECTED from src/main/AndroidManifest.xml
uses-permission#android.permission.CAMERA
ADDED from [com.flurgle:camerakit:0.9.13] AndroidManifest.xml:11:5-65
	android:name
		ADDED from [com.flurgle:camerakit:0.9.13] AndroidManifest.xml:11:22-62
uses-permission#android.permission.RECORD_AUDIO
ADDED from [com.flurgle:camerakit:0.9.13] AndroidManifest.xml:12:5-71
	android:name
		ADDED from [com.flurgle:camerakit:0.9.13] AndroidManifest.xml:12:22-68
uses-feature#android.hardware.camera
ADDED from [com.flurgle:camerakit:0.9.13] AndroidManifest.xml:14:5-60
	android:name
		ADDED from [com.flurgle:camerakit:0.9.13] AndroidManifest.xml:14:19-57
uses-feature#android.hardware.camera.autofocus
ADDED from [com.flurgle:camerakit:0.9.13] AndroidManifest.xml:15:5-17:36
	android:required
		ADDED from [com.flurgle:camerakit:0.9.13] AndroidManifest.xml:17:9-33
	android:name
		ADDED from [com.flurgle:camerakit:0.9.13] AndroidManifest.xml:16:9-57
uses-feature#android.hardware.camera.front
ADDED from [com.flurgle:camerakit:0.9.13] AndroidManifest.xml:18:5-20:36
	android:required
		ADDED from [com.flurgle:camerakit:0.9.13] AndroidManifest.xml:20:9-33
	android:name
		ADDED from [com.flurgle:camerakit:0.9.13] AndroidManifest.xml:19:9-53
uses-feature#android.hardware.microphone
ADDED from [com.flurgle:camerakit:0.9.13] AndroidManifest.xml:21:5-23:36
	android:required
		ADDED from [com.flurgle:camerakit:0.9.13] AndroidManifest.xml:23:9-33
	android:name
		ADDED from [com.flurgle:camerakit:0.9.13] AndroidManifest.xml:22:9-51